<?xml version="1.0" encoding="UTF-8"?>
<testsuite xmlns:xsi="http://www.w3.org/2001/XMLSchema-instance" xsi:noNamespaceSchemaLocation="https://maven.apache.org/surefire/maven-surefire-plugin/xsd/surefire-test-report-3.0.xsd" version="3.0" name="com.numaansystems.solace.commons.sink.SinkDispatchTest" time="0.159" tests="3" errors="0" skipped="0" failures="0">
  <properties>
[...]
</properties>
  <testcase name="downstreamPublishSink_sendsViaStreamBridge" classname="com.numaansystems.solace.commons.sink.SinkDispatchTest" time="0.146"/>
  <testcase name="databaseSink_delegatesToHook" classname="com.numaansystems.solace.commons.sink.SinkDispatchTest" time="0.003"/>
  <testcase name="databaseSink_passesMessageToHook" classname="com.numaansystems.solace.commons.sink.SinkDispatchTest" time="0.002"/>
</testsuite>